Analysis & Synthesis report for dataPath
Thu Dec  7 17:25:36 2023
Quartus Prime Version 22.1std.0 Build 915 10/25/2022 SC Lite Edition


---------------------
; Table of Contents ;
---------------------
  1. Legal Notice
  2. Analysis & Synthesis Summary
  3. Analysis & Synthesis Settings
  4. Parallel Compilation
  5. Analysis & Synthesis Source Files Read
  6. Analysis & Synthesis Resource Usage Summary
  7. Analysis & Synthesis Resource Utilization by Entity
  8. General Register Statistics
  9. Port Connectivity Checks: "ControlUnit:ConUni"
 10. Post-Synthesis Netlist Statistics for Top Partition
 11. Elapsed Time Per Partition
 12. Analysis & Synthesis Messages



----------------
; Legal Notice ;
----------------
Copyright (C) 2022  Intel Corporation. All rights reserved.
Your use of Intel Corporation's design tools, logic functions 
and other software and tools, and any partner logic 
functions, and any output files from any of the foregoing 
(including device programming or simulation files), and any 
associated documentation or information are expressly subject 
to the terms and conditions of the Intel Program License 
Subscription Agreement, the Intel Quartus Prime License Agreement,
the Intel FPGA IP License Agreement, or other applicable license
agreement, including, without limitation, that your use is for
the sole purpose of programming logic devices manufactured by
Intel and sold by Intel or its authorized distributors.  Please
refer to the applicable agreement for further details, at
https://fpgasoftware.intel.com/eula.



+-------------------------------------------------------------------------------------+
; Analysis & Synthesis Summary                                                        ;
+------------------------------------+------------------------------------------------+
; Analysis & Synthesis Status        ; Successful - Thu Dec  7 17:25:36 2023          ;
; Quartus Prime Version              ; 22.1std.0 Build 915 10/25/2022 SC Lite Edition ;
; Revision Name                      ; dataPath                                       ;
; Top-level Entity Name              ; dataPath                                       ;
; Family                             ; MAX 10                                         ;
; Total logic elements               ; 0                                              ;
;     Total combinational functions  ; 0                                              ;
;     Dedicated logic registers      ; 0                                              ;
; Total registers                    ; 0                                              ;
; Total pins                         ; 3                                              ;
; Total virtual pins                 ; 0                                              ;
; Total memory bits                  ; 0                                              ;
; Embedded Multiplier 9-bit elements ; 0                                              ;
; Total PLLs                         ; 0                                              ;
; UFM blocks                         ; 0                                              ;
; ADC blocks                         ; 0                                              ;
+------------------------------------+------------------------------------------------+


+------------------------------------------------------------------------------------------------------------+
; Analysis & Synthesis Settings                                                                              ;
+------------------------------------------------------------------+--------------------+--------------------+
; Option                                                           ; Setting            ; Default Value      ;
+------------------------------------------------------------------+--------------------+--------------------+
; Device                                                           ; 10M50DAF484C6GES   ;                    ;
; Top-level entity name                                            ; dataPath           ; dataPath           ;
; Family name                                                      ; MAX 10             ; Cyclone V          ;
; Use smart compilation                                            ; Off                ; Off                ;
; Enable parallel Assembler and Timing Analyzer during compilation ; On                 ; On                 ;
; Enable compact report table                                      ; Off                ; Off                ;
; Restructure Multiplexers                                         ; Auto               ; Auto               ;
; Create Debugging Nodes for IP Cores                              ; Off                ; Off                ;
; Preserve fewer node names                                        ; On                 ; On                 ;
; Intel FPGA IP Evaluation Mode                                    ; Enable             ; Enable             ;
; Verilog Version                                                  ; Verilog_2001       ; Verilog_2001       ;
; VHDL Version                                                     ; VHDL_1993          ; VHDL_1993          ;
; State Machine Processing                                         ; Auto               ; Auto               ;
; Safe State Machine                                               ; Off                ; Off                ;
; Extract Verilog State Machines                                   ; On                 ; On                 ;
; Extract VHDL State Machines                                      ; On                 ; On                 ;
; Ignore Verilog initial constructs                                ; Off                ; Off                ;
; Iteration limit for constant Verilog loops                       ; 5000               ; 5000               ;
; Iteration limit for non-constant Verilog loops                   ; 250                ; 250                ;
; Add Pass-Through Logic to Inferred RAMs                          ; On                 ; On                 ;
; Infer RAMs from Raw Logic                                        ; On                 ; On                 ;
; Parallel Synthesis                                               ; On                 ; On                 ;
; DSP Block Balancing                                              ; Auto               ; Auto               ;
; NOT Gate Push-Back                                               ; On                 ; On                 ;
; Power-Up Don't Care                                              ; On                 ; On                 ;
; Remove Redundant Logic Cells                                     ; Off                ; Off                ;
; Remove Duplicate Registers                                       ; On                 ; On                 ;
; Ignore CARRY Buffers                                             ; Off                ; Off                ;
; Ignore CASCADE Buffers                                           ; Off                ; Off                ;
; Ignore GLOBAL Buffers                                            ; Off                ; Off                ;
; Ignore ROW GLOBAL Buffers                                        ; Off                ; Off                ;
; Ignore LCELL Buffers                                             ; Off                ; Off                ;
; Ignore SOFT Buffers                                              ; On                 ; On                 ;
; Limit AHDL Integers to 32 Bits                                   ; Off                ; Off                ;
; Optimization Technique                                           ; Balanced           ; Balanced           ;
; Carry Chain Length                                               ; 70                 ; 70                 ;
; Auto Carry Chains                                                ; On                 ; On                 ;
; Auto Open-Drain Pins                                             ; On                 ; On                 ;
; Perform WYSIWYG Primitive Resynthesis                            ; Off                ; Off                ;
; Auto ROM Replacement                                             ; On                 ; On                 ;
; Auto RAM Replacement                                             ; On                 ; On                 ;
; Auto DSP Block Replacement                                       ; On                 ; On                 ;
; Auto Shift Register Replacement                                  ; Auto               ; Auto               ;
; Allow Shift Register Merging across Hierarchies                  ; Auto               ; Auto               ;
; Auto Clock Enable Replacement                                    ; On                 ; On                 ;
; Strict RAM Replacement                                           ; Off                ; Off                ;
; Allow Synchronous Control Signals                                ; On                 ; On                 ;
; Force Use of Synchronous Clear Signals                           ; Off                ; Off                ;
; Auto RAM Block Balancing                                         ; On                 ; On                 ;
; Auto RAM to Logic Cell Conversion                                ; Off                ; Off                ;
; Auto Resource Sharing                                            ; Off                ; Off                ;
; Allow Any RAM Size For Recognition                               ; Off                ; Off                ;
; Allow Any ROM Size For Recognition                               ; Off                ; Off                ;
; Allow Any Shift Register Size For Recognition                    ; Off                ; Off                ;
; Use LogicLock Constraints during Resource Balancing              ; On                 ; On                 ;
; Ignore translate_off and synthesis_off directives                ; Off                ; Off                ;
; Timing-Driven Synthesis                                          ; On                 ; On                 ;
; Report Parameter Settings                                        ; On                 ; On                 ;
; Report Source Assignments                                        ; On                 ; On                 ;
; Report Connectivity Checks                                       ; On                 ; On                 ;
; Ignore Maximum Fan-Out Assignments                               ; Off                ; Off                ;
; Synchronization Register Chain Length                            ; 2                  ; 2                  ;
; Power Optimization During Synthesis                              ; Normal compilation ; Normal compilation ;
; HDL message level                                                ; Level2             ; Level2             ;
; Suppress Register Optimization Related Messages                  ; Off                ; Off                ;
; Number of Removed Registers Reported in Synthesis Report         ; 5000               ; 5000               ;
; Number of Swept Nodes Reported in Synthesis Report               ; 5000               ; 5000               ;
; Number of Inverted Registers Reported in Synthesis Report        ; 100                ; 100                ;
; Clock MUX Protection                                             ; On                 ; On                 ;
; Auto Gated Clock Conversion                                      ; Off                ; Off                ;
; Block Design Naming                                              ; Auto               ; Auto               ;
; SDC constraint protection                                        ; Off                ; Off                ;
; Synthesis Effort                                                 ; Auto               ; Auto               ;
; Shift Register Replacement - Allow Asynchronous Clear Signal     ; On                 ; On                 ;
; Pre-Mapping Resynthesis Optimization                             ; Off                ; Off                ;
; Analysis & Synthesis Message Level                               ; Medium             ; Medium             ;
; Disable Register Merging Across Hierarchies                      ; Auto               ; Auto               ;
; Resource Aware Inference For Block RAM                           ; On                 ; On                 ;
+------------------------------------------------------------------+--------------------+--------------------+


+------------------------------------------+
; Parallel Compilation                     ;
+----------------------------+-------------+
; Processors                 ; Number      ;
+----------------------------+-------------+
; Number detected on machine ; 16          ;
; Maximum allowed            ; 12          ;
;                            ;             ;
; Average used               ; 1.00        ;
; Maximum used               ; 1           ;
;                            ;             ;
; Usage by Processor         ; % Time Used ;
;     Processor 1            ; 100.0%      ;
+----------------------------+-------------+


+---------------------------------------------------------------------------------------------------------------------------------------------------+
; Analysis & Synthesis Source Files Read                                                                                                            ;
+----------------------------------+-----------------+------------------------+-----------------------------------------------------------+---------+
; File Name with User-Entered Path ; Used in Netlist ; File Type              ; File Name with Absolute Path                              ; Library ;
+----------------------------------+-----------------+------------------------+-----------------------------------------------------------+---------+
; ControlUnit/ControlUnit.v        ; yes             ; User Verilog HDL File  ; G:/Shared drives/JJJMM/RSCV-32I/ControlUnit/ControlUnit.v ;         ;
; BranchComp/branchComp.v          ; yes             ; User Verilog HDL File  ; G:/Shared drives/JJJMM/RSCV-32I/BranchComp/branchComp.v   ;         ;
; DMEM/top_dmem.v                  ; yes             ; User Verilog HDL File  ; G:/Shared drives/JJJMM/RSCV-32I/DMEM/top_dmem.v           ;         ;
; DMEM/Dmem.v                      ; yes             ; User Verilog HDL File  ; G:/Shared drives/JJJMM/RSCV-32I/DMEM/Dmem.v               ;         ;
; SignExtend/signExtender.v        ; yes             ; User Verilog HDL File  ; G:/Shared drives/JJJMM/RSCV-32I/SignExtend/signExtender.v ;         ;
; Regfile/regFile.v                ; yes             ; User Verilog HDL File  ; G:/Shared drives/JJJMM/RSCV-32I/Regfile/regFile.v         ;         ;
; ALU/alu.v                        ; yes             ; User Verilog HDL File  ; G:/Shared drives/JJJMM/RSCV-32I/ALU/alu.v                 ;         ;
; IMEM/Imem.v                      ; yes             ; User Verilog HDL File  ; G:/Shared drives/JJJMM/RSCV-32I/IMEM/Imem.v               ;         ;
; dataPath.v                       ; yes             ; User Verilog HDL File  ; G:/Shared drives/JJJMM/RSCV-32I/dataPath.v                ;         ;
+----------------------------------+-----------------+------------------------+-----------------------------------------------------------+---------+


+-----------------------------------------------------+
; Analysis & Synthesis Resource Usage Summary         ;
+---------------------------------------------+-------+
; Resource                                    ; Usage ;
+---------------------------------------------+-------+
;                                             ;       ;
; Total combinational functions               ; 0     ;
; Logic element usage by number of LUT inputs ;       ;
;     -- 4 input functions                    ; 0     ;
;     -- 3 input functions                    ; 0     ;
;     -- <=2 input functions                  ; 0     ;
;                                             ;       ;
; Logic elements by mode                      ;       ;
;     -- normal mode                          ; 0     ;
;     -- arithmetic mode                      ; 0     ;
;                                             ;       ;
; Total registers                             ; 0     ;
;     -- Dedicated logic registers            ; 0     ;
;     -- I/O registers                        ; 0     ;
;                                             ;       ;
; I/O pins                                    ; 3     ;
;                                             ;       ;
; Embedded Multiplier 9-bit elements          ; 0     ;
;                                             ;       ;
; Maximum fan-out node                        ; clk   ;
; Maximum fan-out                             ; 1     ;
; Total fan-out                               ; 3     ;
; Average fan-out                             ; 0.50  ;
+---------------------------------------------+-------+


+------------------------------------------------------------------------------------------------------------------------------------------------------------------------------------------------------------------------------------+
; Analysis & Synthesis Resource Utilization by Entity                                                                                                                                                                                ;
+----------------------------+---------------------+---------------------------+-------------+------------+--------------+---------+-----------+------+--------------+------------+---------------------+-------------+--------------+
; Compilation Hierarchy Node ; Combinational ALUTs ; Dedicated Logic Registers ; Memory Bits ; UFM Blocks ; DSP Elements ; DSP 9x9 ; DSP 18x18 ; Pins ; Virtual Pins ; ADC blocks ; Full Hierarchy Name ; Entity Name ; Library Name ;
+----------------------------+---------------------+---------------------------+-------------+------------+--------------+---------+-----------+------+--------------+------------+---------------------+-------------+--------------+
; |dataPath                  ; 0 (0)               ; 0 (0)                     ; 0           ; 0          ; 0            ; 0       ; 0         ; 3    ; 0            ; 0          ; |dataPath           ; dataPath    ; work         ;
+----------------------------+---------------------+---------------------------+-------------+------------+--------------+---------+-----------+------+--------------+------------+---------------------+-------------+--------------+
Note: For table entries with two numbers listed, the numbers in parentheses indicate the number of resources of the given type used by the specific entity alone. The numbers listed outside of parentheses indicate the total resources of the given type used by the specific entity and all of its sub-entities in the hierarchy.


+------------------------------------------------------+
; General Register Statistics                          ;
+----------------------------------------------+-------+
; Statistic                                    ; Value ;
+----------------------------------------------+-------+
; Total registers                              ; 0     ;
; Number of registers using Synchronous Clear  ; 0     ;
; Number of registers using Synchronous Load   ; 0     ;
; Number of registers using Asynchronous Clear ; 0     ;
; Number of registers using Asynchronous Load  ; 0     ;
; Number of registers using Clock Enable       ; 0     ;
; Number of registers using Preset             ; 0     ;
+----------------------------------------------+-------+


+------------------------------------------------------------------------------------------------------------------+
; Port Connectivity Checks: "ControlUnit:ConUni"                                                                   ;
+--------+--------+----------+-------------------------------------------------------------------------------------+
; Port   ; Type   ; Severity ; Details                                                                             ;
+--------+--------+----------+-------------------------------------------------------------------------------------+
; immSel ; Output ; Info     ; Connected to dangling logic. Logic that only feeds a dangling port will be removed. ;
+--------+--------+----------+-------------------------------------------------------------------------------------+


+-----------------------------------------------------+
; Post-Synthesis Netlist Statistics for Top Partition ;
+-------------------+---------------------------------+
; Type              ; Count                           ;
+-------------------+---------------------------------+
; boundary_port     ; 3                               ;
;                   ;                                 ;
; Max LUT depth     ; 0.00                            ;
; Average LUT depth ; 0.00                            ;
+-------------------+---------------------------------+


+-------------------------------+
; Elapsed Time Per Partition    ;
+----------------+--------------+
; Partition Name ; Elapsed Time ;
+----------------+--------------+
; Top            ; 00:00:00     ;
+----------------+--------------+


+-------------------------------+
; Analysis & Synthesis Messages ;
+-------------------------------+
Info: *******************************************************************
Info: Running Quartus Prime Analysis & Synthesis
    Info: Version 22.1std.0 Build 915 10/25/2022 SC Lite Edition
    Info: Processing started: Thu Dec  7 17:25:22 2023
Info: Command: quartus_map --read_settings_files=on --write_settings_files=off dataPath -c dataPath
Warning (18236): Number of processors has not been specified which may cause overloading on shared machines.  Set the global assignment NUM_PARALLEL_PROCESSORS in your QSF to an appropriate value for best performance.
Info (20030): Parallel compilation is enabled and will use 12 of the 12 processors detected
Info (12021): Found 1 design units, including 1 entities, in source file controlunit/controlunit.v
    Info (12023): Found entity 1: ControlUnit File: G:/Shared drives/JJJMM/RSCV-32I/ControlUnit/ControlUnit.v Line: 1
Info (12021): Found 1 design units, including 1 entities, in source file branchcomp/branchcomp.v
    Info (12023): Found entity 1: branchComp File: G:/Shared drives/JJJMM/RSCV-32I/BranchComp/branchComp.v Line: 1
Info (12021): Found 1 design units, including 1 entities, in source file dmem/top_dmem.v
    Info (12023): Found entity 1: top_dmem File: G:/Shared drives/JJJMM/RSCV-32I/DMEM/top_dmem.v Line: 1
Info (12021): Found 1 design units, including 1 entities, in source file dmem/dmem.v
    Info (12023): Found entity 1: Dmem File: G:/Shared drives/JJJMM/RSCV-32I/DMEM/Dmem.v Line: 1
Info (12021): Found 1 design units, including 1 entities, in source file signextend/signextender.v
    Info (12023): Found entity 1: signExtender File: G:/Shared drives/JJJMM/RSCV-32I/SignExtend/signExtender.v Line: 1
Info (12021): Found 1 design units, including 1 entities, in source file regfile/regfile.v
    Info (12023): Found entity 1: regFile File: G:/Shared drives/JJJMM/RSCV-32I/Regfile/regFile.v Line: 1
Info (12021): Found 1 design units, including 1 entities, in source file alu/alu.v
    Info (12023): Found entity 1: alu File: G:/Shared drives/JJJMM/RSCV-32I/ALU/alu.v Line: 1
Info (12021): Found 1 design units, including 1 entities, in source file imem/imem.v
    Info (12023): Found entity 1: Imem File: G:/Shared drives/JJJMM/RSCV-32I/IMEM/Imem.v Line: 1
Info (12021): Found 1 design units, including 1 entities, in source file datapath.v
    Info (12023): Found entity 1: dataPath File: G:/Shared drives/JJJMM/RSCV-32I/dataPath.v Line: 1
Info (12127): Elaborating entity "dataPath" for the top level hierarchy
Info (12128): Elaborating entity "ControlUnit" for hierarchy "ControlUnit:ConUni" File: G:/Shared drives/JJJMM/RSCV-32I/dataPath.v Line: 13
Info (12128): Elaborating entity "Imem" for hierarchy "Imem:imem" File: G:/Shared drives/JJJMM/RSCV-32I/dataPath.v Line: 15
Warning (10230): Verilog HDL assignment warning at Imem.v(26): truncated value with size 32 to match size of target (8) File: G:/Shared drives/JJJMM/RSCV-32I/IMEM/Imem.v Line: 26
Warning (10855): Verilog HDL warning at Imem.v(21): initial value for variable storage should be constant File: G:/Shared drives/JJJMM/RSCV-32I/IMEM/Imem.v Line: 21
Warning (10030): Net "storage" at Imem.v(6) has no driver or initial value, using a default initial value '0' File: G:/Shared drives/JJJMM/RSCV-32I/IMEM/Imem.v Line: 6
Info (12128): Elaborating entity "regFile" for hierarchy "regFile:regfile" File: G:/Shared drives/JJJMM/RSCV-32I/dataPath.v Line: 17
Info (12128): Elaborating entity "branchComp" for hierarchy "branchComp:compare" File: G:/Shared drives/JJJMM/RSCV-32I/dataPath.v Line: 19
Info (12128): Elaborating entity "alu" for hierarchy "alu:alu" File: G:/Shared drives/JJJMM/RSCV-32I/dataPath.v Line: 21
Info (12128): Elaborating entity "top_dmem" for hierarchy "top_dmem:dmem" File: G:/Shared drives/JJJMM/RSCV-32I/dataPath.v Line: 23
Info (12128): Elaborating entity "Dmem" for hierarchy "top_dmem:dmem|Dmem:dm0" File: G:/Shared drives/JJJMM/RSCV-32I/DMEM/top_dmem.v Line: 11
Info (12128): Elaborating entity "signExtender" for hierarchy "signExtender:signextend" File: G:/Shared drives/JJJMM/RSCV-32I/dataPath.v Line: 25
Info (16010): Generating hard_block partition "hard_block:auto_generated_inst"
    Info (16011): Adding 0 node(s), including 0 DDIO, 0 PLL, 0 transceiver and 0 LCELL
Warning (21074): Design contains 3 input pin(s) that do not drive logic
    Warning (15610): No output dependent on input pin "clk" File: G:/Shared drives/JJJMM/RSCV-32I/dataPath.v Line: 2
    Warning (15610): No output dependent on input pin "en" File: G:/Shared drives/JJJMM/RSCV-32I/dataPath.v Line: 2
    Warning (15610): No output dependent on input pin "rst" File: G:/Shared drives/JJJMM/RSCV-32I/dataPath.v Line: 2
Info (21057): Implemented 3 device resources after synthesis - the final resource count might be different
    Info (21058): Implemented 3 input pins
    Info (21059): Implemented 0 output pins
Info: Quartus Prime Analysis & Synthesis was successful. 0 errors, 8 warnings
    Info: Peak virtual memory: 5018 megabytes
    Info: Processing ended: Thu Dec  7 17:25:36 2023
    Info: Elapsed time: 00:00:14
    Info: Total CPU time (on all processors): 00:00:03


